c:\users\abnormal\source\repos\a8_libarymanagementsystem\a8_libar.7000669e\x64\debug\vc143.pdb
c:\users\abnormal\source\repos\a8_libarymanagementsystem\a8_libar.7000669e\x64\debug\vc143.idb
c:\users\abnormal\source\repos\a8_libarymanagementsystem\a8_libar.7000669e\x64\debug\studentmember.obj
c:\users\abnormal\source\repos\a8_libarymanagementsystem\a8_libar.7000669e\x64\debug\member.obj
c:\users\abnormal\source\repos\a8_libarymanagementsystem\a8_libar.7000669e\x64\debug\libraryitem.obj
c:\users\abnormal\source\repos\a8_libarymanagementsystem\a8_libar.7000669e\x64\debug\main.obj
c:\users\abnormal\source\repos\a8_libarymanagementsystem\a8_libar.7000669e\x64\debug\magazine.obj
c:\users\abnormal\source\repos\a8_libarymanagementsystem\a8_libar.7000669e\x64\debug\librarymanager.obj
c:\users\abnormal\source\repos\a8_libarymanagementsystem\a8_libar.7000669e\x64\debug\guestmember.obj
c:\users\abnormal\source\repos\a8_libarymanagementsystem\a8_libar.7000669e\x64\debug\facultymember.obj
c:\users\abnormal\source\repos\a8_libarymanagementsystem\a8_libar.7000669e\x64\debug\book.obj
c:\users\abnormal\source\repos\a8_libarymanagementsystem\a8_libar.7000669e\x64\debug\a8_libarymanagementsystem.ilk
c:\users\abnormal\source\repos\a8_libarymanagementsystem\x64\debug\a8_libarymanagementsystem.pdb
c:\users\abnormal\source\repos\a8_libarymanagementsystem\a8_libar.7000669e\x64\debug\a8_libar.7000669e.tlog\cl.command.1.tlog
c:\users\abnormal\source\repos\a8_libarymanagementsystem\a8_libar.7000669e\x64\debug\a8_libar.7000669e.tlog\cl.items.tlog
c:\users\abnormal\source\repos\a8_libarymanagementsystem\a8_libar.7000669e\x64\debug\a8_libar.7000669e.tlog\cl.read.1.tlog
c:\users\abnormal\source\repos\a8_libarymanagementsystem\a8_libar.7000669e\x64\debug\a8_libar.7000669e.tlog\cl.write.1.tlog
c:\users\abnormal\source\repos\a8_libarymanagementsystem\a8_libar.7000669e\x64\debug\a8_libar.7000669e.tlog\link.5112-cvtres.read.1.tlog
c:\users\abnormal\source\repos\a8_libarymanagementsystem\a8_libar.7000669e\x64\debug\a8_libar.7000669e.tlog\link.5112-cvtres.write.1.tlog
c:\users\abnormal\source\repos\a8_libarymanagementsystem\a8_libar.7000669e\x64\debug\a8_libar.7000669e.tlog\link.5112-rc.read.1.tlog
c:\users\abnormal\source\repos\a8_libarymanagementsystem\a8_libar.7000669e\x64\debug\a8_libar.7000669e.tlog\link.5112-rc.write.1.tlog
c:\users\abnormal\source\repos\a8_libarymanagementsystem\a8_libar.7000669e\x64\debug\a8_libar.7000669e.tlog\link.5112.read.1.tlog
c:\users\abnormal\source\repos\a8_libarymanagementsystem\a8_libar.7000669e\x64\debug\a8_libar.7000669e.tlog\link.5112.read.2.tlog
c:\users\abnormal\source\repos\a8_libarymanagementsystem\a8_libar.7000669e\x64\debug\a8_libar.7000669e.tlog\link.5112.write.1.tlog
c:\users\abnormal\source\repos\a8_libarymanagementsystem\a8_libar.7000669e\x64\debug\a8_libar.7000669e.tlog\link.command.1.tlog
c:\users\abnormal\source\repos\a8_libarymanagementsystem\a8_libar.7000669e\x64\debug\a8_libar.7000669e.tlog\link.read.1.tlog
c:\users\abnormal\source\repos\a8_libarymanagementsystem\a8_libar.7000669e\x64\debug\a8_libar.7000669e.tlog\link.secondary.1.tlog
c:\users\abnormal\source\repos\a8_libarymanagementsystem\a8_libar.7000669e\x64\debug\a8_libar.7000669e.tlog\link.write.1.tlog
